[2025-06-12 12:53:36] [INFO]: 📧 Email Echter E-Mail Service initialisiert {"category":"email","host":"smtp-mail.outlook.com","port":587,"secure":true,"username":"hey@mitra-sanitaer.de"}
[2025-06-12 12:54:01] [INFO]: 📧 Email Echter E-Mail Service initialisiert {"category":"email","host":"smtp-mail.outlook.com","port":587,"secure":true,"username":"hey@mitra-sanitaer.de"}
[2025-06-12 12:54:53] [ERROR]: PHP Error: MitraSanitaer\Middleware\RateLimitMiddleware::getStatus(): Implicitly marking parameter $clientId as nullable is deprecated, the explicit nullable type must be used instead {"file":"C:\\Entwicklung\\php_backend\\mitra-sanitaer-backend-php\\src\\Middleware\\RateLimitMiddleware.php","line":156,"severity":8192}
[2025-06-12 12:54:53] [INFO]: 📧 Email Echter E-Mail Service initialisiert {"category":"email","host":"smtp-mail.outlook.com","port":587,"secure":true,"username":"hey@mitra-sanitaer.de"}
[2025-06-12 12:54:53] [INFO]: 🔗 API POST /contact {"category":"api","endpoint":"/contact","method":"POST"}
[2025-06-12 12:54:53] [WARNING]: Kontaktformular Validierungsfehler {"errors":6,"ip":"::1"}
[2025-06-12 12:54:53] [WARNING]: Kontaktformular Validierungsfehler {"errors":["firstName must be present","lastName must be present","subject must be present","phone must be present","service must be present","urgent must be present"],"ip":"::1"}
[2025-06-12 12:56:49] [ERROR]: PHP Error: MitraSanitaer\Middleware\RateLimitMiddleware::getStatus(): Implicitly marking parameter $clientId as nullable is deprecated, the explicit nullable type must be used instead {"file":"C:\\Entwicklung\\php_backend\\mitra-sanitaer-backend-php\\src\\Middleware\\RateLimitMiddleware.php","line":156,"severity":8192}
[2025-06-12 12:56:50] [INFO]: 📧 Email Echter E-Mail Service initialisiert {"category":"email","host":"smtp-mail.outlook.com","port":587,"secure":true,"username":"hey@mitra-sanitaer.de"}
[2025-06-12 12:56:50] [INFO]: 🔗 API POST /contact {"category":"api","endpoint":"/contact","method":"POST"}
[2025-06-12 12:56:50] [WARNING]: Kontaktformular Validierungsfehler {"errors":6,"ip":"::1"}
[2025-06-12 12:56:50] [WARNING]: Kontaktformular Validierungsfehler {"errors":["firstName must be present","lastName must be present","subject must be present","phone must be present","service must be present","urgent must be present"],"ip":"::1"}
[2025-06-12 12:58:12] [ERROR]: PHP Error: MitraSanitaer\Middleware\RateLimitMiddleware::getStatus(): Implicitly marking parameter $clientId as nullable is deprecated, the explicit nullable type must be used instead {"file":"C:\\Entwicklung\\php_backend\\mitra-sanitaer-backend-php\\src\\Middleware\\RateLimitMiddleware.php","line":156,"severity":8192}
[2025-06-12 12:58:13] [INFO]: 📧 Email Echter E-Mail Service initialisiert {"category":"email","host":"smtp-mail.outlook.com","port":587,"secure":true,"username":"hey@mitra-sanitaer.de"}
[2025-06-12 12:58:13] [INFO]: 🔗 API POST /contact {"category":"api","endpoint":"/contact","method":"POST"}
[2025-06-12 12:58:13] [INFO]: ✅ Kontaktformular validiert []
[2025-06-12 12:58:14] [INFO]: 📧 Email 📧 Kontaktformular versendet {"category":"email","referenceId":"CONTACT-87beee64","to":"hey@mitra-sanitaer.de","from":"test@example.com","subject":"Kontaktanfrage: Test Anfrage"}
[2025-06-12 12:58:14] [INFO]: 📧 Email Kontaktformular gesendet {"category":"email","to":"hey@mitra-sanitaer.de","subject":"Kontaktanfrage: Test Anfrage"}
[2025-06-12 13:42:58] [ERROR]: PHP Error: MitraSanitaer\Middleware\RateLimitMiddleware::getStatus(): Implicitly marking parameter $clientId as nullable is deprecated, the explicit nullable type must be used instead {"file":"C:\\Entwicklung\\php_backend\\mitra-sanitaer-backend-php\\src\\Middleware\\RateLimitMiddleware.php","line":156,"severity":8192}
[2025-06-12 13:42:59] [INFO]: 📧 Email Echter E-Mail Service initialisiert {"category":"email","host":"smtp-mail.outlook.com","port":587,"secure":true,"username":"hey@mitra-sanitaer.de"}
[2025-06-12 13:42:59] [INFO]: 🔗 API POST /contact {"category":"api","endpoint":"/contact","method":"POST"}
[2025-06-12 13:42:59] [INFO]: ✅ Kontaktformular validiert []
[2025-06-12 13:43:00] [INFO]: 📧 Email 📧 Kontaktformular versendet {"category":"email","referenceId":"CONTACT-b0d58ab3","to":"hey@mitra-sanitaer.de","from":"sascha-richter@tech-artist.de","subject":"Kontaktanfrage: Das ist ein kleiner test"}
[2025-06-12 13:43:00] [INFO]: 📧 Email Kontaktformular gesendet {"category":"email","to":"hey@mitra-sanitaer.de","subject":"Kontaktanfrage: Das ist ein kleiner test"}
